2025-09-07 16:17:11,318 - INFO - FestPal Bot starting - Mode: CLI
2025-09-07 16:17:11,321 - INFO - FestPal Bot CLI started
2025-09-07 16:17:16,146 - INFO - CLI user query: 'halo'
2025-09-07 16:17:16,146 - INFO - CLI bot response provided
2025-09-07 16:17:20,715 - INFO - CLI user query: 'who u'
2025-09-07 16:17:20,717 - INFO - CLI bot response provided
2025-09-07 16:17:26,994 - INFO - CLI user query: 'who am i'
2025-09-07 16:17:26,994 - INFO - CLI bot response provided
2025-09-07 16:17:35,538 - INFO - CLI user query: 'harga tiket'
2025-09-07 16:17:35,539 - INFO - CLI bot response provided
2025-09-07 16:17:45,204 - INFO - CLI user query: 'lineup'
2025-09-07 16:17:45,206 - INFO - CLI bot response provided
2025-09-07 16:17:51,234 - INFO - CLI user query: 'venue dimana'
2025-09-07 16:17:51,235 - INFO - CLI bot response provided
2025-09-07 16:18:01,631 - INFO - CLI user query: 'parkir motor'
2025-09-07 16:18:01,632 - INFO - CLI bot response provided
2025-09-07 16:18:15,871 - INFO - CLI user query: 'refund order #2231'
2025-09-07 16:18:15,873 - INFO - CLI bot response provided
2025-09-07 16:18:22,761 - INFO - CLI user query: 'minta refund'
2025-09-07 16:18:22,762 - INFO - CLI bot response provided
2025-09-07 16:18:26,989 - INFO - CLI user query: 'bisa ovo ga?'
2025-09-07 16:18:26,990 - INFO - CLI bot response provided
2025-09-07 16:18:33,414 - INFO - CLI user query: 'menu'
2025-09-07 16:18:33,415 - INFO - CLI bot response provided
2025-09-07 16:18:44,193 - INFO - CLI user query: 'qr ga bisa discan'
2025-09-07 16:18:44,195 - INFO - CLI bot response provided
2025-09-07 16:18:50,938 - INFO - CLI user query: 'resale'
2025-09-07 16:18:50,938 - INFO - CLI bot response provided
2025-09-07 16:19:06,402 - INFO - CLI user query: 'ga dapat eticket'
2025-09-07 16:19:06,406 - INFO - CLI bot response provided
2025-09-07 16:19:16,192 - INFO - CLI user query: 'cara beli tiket?'
2025-09-07 16:19:16,193 - INFO - CLI bot response provided
2025-09-07 16:19:24,335 - INFO - CLI user query: 'ada diskon ga'
2025-09-07 16:19:24,335 - INFO - CLI bot response provided
2025-09-07 16:19:33,072 - INFO - CLI user query: 'siapa guest star nya'
2025-09-07 16:19:33,074 - INFO - CLI bot response provided
2025-09-07 16:19:44,567 - INFO - CLI user query: 'siapa tampil hari ini'
2025-09-07 16:19:44,567 - INFO - CLI bot response provided
2025-09-07 16:19:55,531 - INFO - CLI user query: 'jam 18:00'
2025-09-07 16:19:55,532 - INFO - CLI bot response provided
2025-09-07 16:20:09,611 - INFO - CLI user query: 'kategori tiket?'
2025-09-07 16:20:09,612 - INFO - CLI bot response provided
2025-09-07 16:20:16,811 - INFO - CLI user query: 'aturan nya apa aja'
2025-09-07 16:20:16,812 - INFO - CLI bot response provided
2025-09-07 16:20:21,424 - INFO - CLI user query: 'cs'
2025-09-07 16:20:21,425 - INFO - CLI bot response provided
2025-09-07 16:20:27,025 - INFO - CLI user query: 'beli kaos dimana'
2025-09-07 16:20:27,025 - INFO - CLI bot response provided
2025-09-07 16:20:35,876 - INFO - CLI user query: 'pembelian kaos'
2025-09-07 16:20:35,877 - INFO - CLI bot response provided
2025-09-07 16:20:40,001 - INFO - CLI user query: 'darurat'
2025-09-07 16:20:40,002 - INFO - CLI bot response provided
2025-09-07 16:20:45,527 - INFO - CLI user query: 'barangku hilang'
2025-09-07 16:20:45,527 - INFO - CLI bot response provided
2025-09-07 16:20:52,409 - INFO - CLI user query: 'terima kasih'
2025-09-07 16:20:52,410 - INFO - CLI bot response provided
2025-09-07 16:21:04,464 - INFO - CLI user query: 'vip'
2025-09-07 16:21:04,465 - INFO - CLI bot response provided
2025-09-07 16:21:15,178 - INFO - CLI user query: 'asdsd'
2025-09-07 16:21:15,179 - INFO - CLI bot response provided
2025-09-07 16:21:29,526 - INFO - CLI user query: 'punyaku hilang'
2025-09-07 16:21:29,527 - INFO - CLI bot response provided
2025-09-07 16:21:58,801 - INFO - CLI user query: 'festival info'
2025-09-07 16:21:58,802 - INFO - CLI bot response provided
2025-09-07 16:27:37,163 - INFO - CLI session ended by user
